Flutter crash report; please file at https://github.com/flutter/flutter/issues.

## command

flutter emulators --launch nexus_5_api_27

## exception

ProcessException: ProcessException: Process exited abnormally:
emulator: ERROR: Running multiple emulators with the same AVD is an experimental feature.
Please use -read-only flag to enable this feature.
  Command: /Users/emmanuella/Library/Android/sdk/emulator/emulator -avd Nexus_5_API_27

```
#0      RunResult.throwException (package:flutter_tools/src/base/process.dart:141:5)
#1      _DefaultProcessUtils.run (package:flutter_tools/src/base/process.dart:275:19)
<asynchronous suspension>
#2      AndroidEmulator.launch (package:flutter_tools/src/android/android_emulator.dart:52:52)
#3      EmulatorsCommand._launchEmulator (package:flutter_tools/src/commands/emulators.dart:74:31)
<asynchronous suspension>
#4      EmulatorsCommand.runCommand (package:flutter_tools/src/commands/emulators.dart:47:13)
#5      FlutterCommand.verifyThenRunCommand (package:flutter_tools/src/runner/flutter_command.dart:615:18)
#6      _asyncThenWrapperHelper.<anonymous closure> (dart:async-patch/async_patch.dart:73:64)
#7      _rootRunUnary (dart:async/zone.dart:1134:38)
#8      _CustomZone.runUnary (dart:async/zone.dart:1031:19)
#9      _FutureListener.handleValue (dart:async/future_impl.dart:139:18)
#10     Future._propagateToListeners.handleValueCallback (dart:async/future_impl.dart:680:45)
#11     Future._propagateToListeners (dart:async/future_impl.dart:709:32)
#12     Future._completeWithValue (dart:async/future_impl.dart:524:5)
#13     Future._asyncComplete.<anonymous closure> (dart:async/future_impl.dart:554:7)
#14     _rootRun (dart:async/zone.dart:1126:13)
#15     _CustomZone.run (dart:async/zone.dart:1023:19)
#16     _CustomZone.runGuarded (dart:async/zone.dart:925:7)
#17     _CustomZone.bindCallbackGuarded.<anonymous closure> (dart:async/zone.dart:965:23)
#18     _microtaskLoop (dart:async/schedule_microtask.dart:43:21)
#19     _startMicrotaskLoop (dart:async/schedule_microtask.dart:52:5)
#20     _runPendingImmediateCallback (dart:isolate-patch/isolate_patch.dart:118:13)
#21     _RawReceivePortImpl._handleMessage (dart:isolate-patch/isolate_patch.dart:175:5)
```

## flutter doctor

```
[32m[✓][39m Flutter (Channel stable, v1.12.13+hotfix.5, on Mac OS X 10.14.6 18G95, locale en-ID)
    [32m•[39m Flutter version 1.12.13+hotfix.5 at /Users/emmanuella/Documents/flutter
    [32m•[39m Framework revision 27321ebbad (3 weeks ago), 2019-12-10 18:15:01 -0800
    [32m•[39m Engine revision 2994f7e1e6
    [32m•[39m Dart version 2.7.0

[32m[✓][39m Android toolchain - develop for Android devices (Android SDK version 29.0.2)
    [32m•[39m Android SDK at /Users/emmanuella/Library/Android/sdk
    [32m•[39m Android NDK location not configured (optional; useful for native profiling support)
    [32m•[39m Platform android-29, build-tools 29.0.2
    [32m•[39m Java binary at: /Applications/Android Studio.app/Contents/jre/jdk/Contents/Home/bin/java
    [32m•[39m Java version OpenJDK Runtime Environment (build 1.8.0_202-release-1483-b49-5587405)
    [32m•[39m All Android licenses accepted.

[31m[✗][39m Xcode - develop for iOS and macOS
    [31m✗[39m Xcode installation is incomplete; a full installation is necessary for iOS development.
      Download at: https://developer.apple.com/xcode/download/
      Or install Xcode via the App Store.
      Once installed, run:
        sudo xcode-select --switch /Applications/Xcode.app/Contents/Developer
        sudo xcodebuild -runFirstLaunch
    [31m✗[39m CocoaPods not installed.
        CocoaPods is used to retrieve the iOS and macOS platform side's plugin code that responds to your plugin
        usage on the Dart side.
        Without CocoaPods, plugins will not work on iOS or macOS.
        For more info, see https://flutter.dev/platform-plugins
      To install:
        sudo gem install cocoapods

[32m[✓][39m Android Studio (version 3.5)
    [32m•[39m Android Studio at /Applications/Android Studio.app/Contents
    [32m•[39m Flutter plugin version 42.1.1
    [32m•[39m Dart plugin version 191.8593
    [32m•[39m Java version OpenJDK Runtime Environment (build 1.8.0_202-release-1483-b49-5587405)

[33m[!][39m Connected device
    [32m•[39m Device emulator-5554 is offline.

[33m![39m Doctor found issues in 2 categories.
```
